<?xml version="1.0" encoding="UTF-8"?>
<testsuite xmlns:xsi="http://www.w3.org/2001/XMLSchema-instance" xsi:noNamespaceSchemaLocation="https://maven.apache.org/surefire/maven-surefire-plugin/xsd/surefire-test-report-3.0.xsd" version="3.0" name="TestSuite" time="12.429" tests="5" errors="0" skipped="0" failures="5">
  <properties>
[...]
</properties>
  <testcase name="feature[&quot;As a user,I can retrive Nace Details by using order details&quot;, &quot;As a user, I can verify the proper respose from API&quot;](1)" classname="com.api.myRunner.TestRunner" time="3.95">
    <failure message="398481Is not matching with io.restassured.path.xml.XmlPath@47c26664 expected [398481] but found [io.restassured.path.xml.XmlPath@7f74fefa]" type="java.lang.AssertionError"><![CDATA[java.lang.AssertionError: 398481Is not matching with io.restassured.path.xml.XmlPath@47c26664 expected [398481] but found [io.restassured.path.xml.XmlPath@7f74fefa]
	at org.testng.Assert.fail(Assert.java:96)
	at org.testng.Assert.failNotEquals(Assert.java:776)
	at org.testng.Assert.assertEqualsImpl(Assert.java:137)
	at org.testng.Assert.assertEquals(Assert.java:118)
	at stepDefinitions.GetNaceDetailsDefinition.verify_nace_details_are_as_per(GetNaceDetailsDefinition.java:59)
	at ✽.verify NaceDetails are as per "398481"(file:///C:/Users/prash/LUXOFTTESTNG/CucumberTechTask/src/main/java/Features/getNaceDetails.feature:8)
]]></failure>
    <system-out><![CDATA[[TestNGContentHandler] [WARN] It is strongly recommended to add "<!DOCTYPE suite SYSTEM "http://testng.org/testng-1.0.dtd" >" at the top of your file, otherwise TestNG may fail or not work as expected.
Request method:	GET
Request URI:	https://5ebe0587-3002-4840-80bd-93aa816a507a.mock.pstmn.io:443/getnace/?Order=398481
Proxy:			<none>
Request params:	<none>
Query params:	Order=398481
Form params:	<none>
Path params:	<none>
Headers:		Accept=*/*
				Content-Type=application/json
Cookies:		<none>
Multiparts:		<none>
Body:			<none>
]]></system-out>
  </testcase>
  <testcase name="feature[&quot;As a user,I can retrive Nace Details by using order details&quot;, &quot;As a user, I can verify the proper respose from API&quot;](2)" classname="com.api.myRunner.TestRunner" time="1.523">
    <failure message="398482Is not matching with io.restassured.path.xml.XmlPath@440e3972 expected [398482] but found [io.restassured.path.xml.XmlPath@ef77972]" type="java.lang.AssertionError"><![CDATA[java.lang.AssertionError: 398482Is not matching with io.restassured.path.xml.XmlPath@440e3972 expected [398482] but found [io.restassured.path.xml.XmlPath@ef77972]
	at org.testng.Assert.fail(Assert.java:96)
	at org.testng.Assert.failNotEquals(Assert.java:776)
	at org.testng.Assert.assertEqualsImpl(Assert.java:137)
	at org.testng.Assert.assertEquals(Assert.java:118)
	at stepDefinitions.GetNaceDetailsDefinition.verify_nace_details_are_as_per(GetNaceDetailsDefinition.java:59)
	at ✽.verify NaceDetails are as per "398482"(file:///C:/Users/prash/LUXOFTTESTNG/CucumberTechTask/src/main/java/Features/getNaceDetails.feature:8)
]]></failure>
    <system-out><![CDATA[Request method:	GET
Request URI:	https://5ebe0587-3002-4840-80bd-93aa816a507a.mock.pstmn.io:443/getnace/?Order=398482
Proxy:			<none>
Request params:	<none>
Query params:	Order=398482
Form params:	<none>
Path params:	<none>
Headers:		Accept=*/*
				Content-Type=application/json
Cookies:		<none>
Multiparts:		<none>
Body:			<none>
]]></system-out>
  </testcase>
  <testcase name="feature[&quot;As a user,I can retrive Nace Details by using order details&quot;, &quot;As a user, I can verify the proper respose from API&quot;](3)" classname="com.api.myRunner.TestRunner" time="1.436">
    <failure message="398483Is not matching with io.restassured.path.xml.XmlPath@489fa87e expected [398483] but found [io.restassured.path.xml.XmlPath@19048fda]" type="java.lang.AssertionError"><![CDATA[java.lang.AssertionError: 398483Is not matching with io.restassured.path.xml.XmlPath@489fa87e expected [398483] but found [io.restassured.path.xml.XmlPath@19048fda]
	at org.testng.Assert.fail(Assert.java:96)
	at org.testng.Assert.failNotEquals(Assert.java:776)
	at org.testng.Assert.assertEqualsImpl(Assert.java:137)
	at org.testng.Assert.assertEquals(Assert.java:118)
	at stepDefinitions.GetNaceDetailsDefinition.verify_nace_details_are_as_per(GetNaceDetailsDefinition.java:59)
	at ✽.verify NaceDetails are as per "398483"(file:///C:/Users/prash/LUXOFTTESTNG/CucumberTechTask/src/main/java/Features/getNaceDetails.feature:8)
]]></failure>
    <system-out><![CDATA[Request method:	GET
Request URI:	https://5ebe0587-3002-4840-80bd-93aa816a507a.mock.pstmn.io:443/getnace/?Order=398483
Proxy:			<none>
Request params:	<none>
Query params:	Order=398483
Form params:	<none>
Path params:	<none>
Headers:		Accept=*/*
				Content-Type=application/json
Cookies:		<none>
Multiparts:		<none>
Body:			<none>
]]></system-out>
  </testcase>
  <testcase name="feature[&quot;As a user,I can retrive Nace Details by using order details&quot;, &quot;As a user, I can verify the proper respose from API&quot;](4)" classname="com.api.myRunner.TestRunner" time="1.522">
    <failure message="398484Is not matching with io.restassured.path.xml.XmlPath@72f628d6 expected [398484] but found [io.restassured.path.xml.XmlPath@1e8d4d07]" type="java.lang.AssertionError"><![CDATA[java.lang.AssertionError: 398484Is not matching with io.restassured.path.xml.XmlPath@72f628d6 expected [398484] but found [io.restassured.path.xml.XmlPath@1e8d4d07]
	at org.testng.Assert.fail(Assert.java:96)
	at org.testng.Assert.failNotEquals(Assert.java:776)
	at org.testng.Assert.assertEqualsImpl(Assert.java:137)
	at org.testng.Assert.assertEquals(Assert.java:118)
	at stepDefinitions.GetNaceDetailsDefinition.verify_nace_details_are_as_per(GetNaceDetailsDefinition.java:59)
	at ✽.verify NaceDetails are as per "398484"(file:///C:/Users/prash/LUXOFTTESTNG/CucumberTechTask/src/main/java/Features/getNaceDetails.feature:8)
]]></failure>
    <system-out><![CDATA[Request method:	GET
Request URI:	https://5ebe0587-3002-4840-80bd-93aa816a507a.mock.pstmn.io:443/getnace/?Order=398484
Proxy:			<none>
Request params:	<none>
Query params:	Order=398484
Form params:	<none>
Path params:	<none>
Headers:		Accept=*/*
				Content-Type=application/json
Cookies:		<none>
Multiparts:		<none>
Body:			<none>
]]></system-out>
  </testcase>
  <testcase name="feature[&quot;As a user,I can retrive Nace Details by using order details&quot;, &quot;As a user, I can verify the proper respose from API&quot;](5)" classname="com.api.myRunner.TestRunner" time="1.403">
    <failure message="398485Is not matching with io.restassured.path.xml.XmlPath@697913e6 expected [398485] but found [io.restassured.path.xml.XmlPath@58a60d56]" type="java.lang.AssertionError"><![CDATA[java.lang.AssertionError: 398485Is not matching with io.restassured.path.xml.XmlPath@697913e6 expected [398485] but found [io.restassured.path.xml.XmlPath@58a60d56]
	at org.testng.Assert.fail(Assert.java:96)
	at org.testng.Assert.failNotEquals(Assert.java:776)
	at org.testng.Assert.assertEqualsImpl(Assert.java:137)
	at org.testng.Assert.assertEquals(Assert.java:118)
	at stepDefinitions.GetNaceDetailsDefinition.verify_nace_details_are_as_per(GetNaceDetailsDefinition.java:59)
	at ✽.verify NaceDetails are as per "398485"(file:///C:/Users/prash/LUXOFTTESTNG/CucumberTechTask/src/main/java/Features/getNaceDetails.feature:8)
]]></failure>
    <system-out><![CDATA[Request method:	GET
Request URI:	https://5ebe0587-3002-4840-80bd-93aa816a507a.mock.pstmn.io:443/getnace/?Order=398485
Proxy:			<none>
Request params:	<none>
Query params:	Order=398485
Form params:	<none>
Path params:	<none>
Headers:		Accept=*/*
				Content-Type=application/json
Cookies:		<none>
Multiparts:		<none>
Body:			<none>
]]></system-out>
  </testcase>
</testsuite>